<?xml version="1.0" encoding="UTF-8"?>
<testng-results ignored="0" total="1" passed="1" failed="0" skipped="0">
  <reporter-output>
  </reporter-output>
  <suite started-at="2025-07-01T15:17:16 IST" name="Default suite" finished-at="2025-07-01T15:20:48 IST" duration-ms="211290">
    <groups>
    </groups>
    <test started-at="2025-07-01T15:17:16 IST" name="Default test" finished-at="2025-07-01T15:20:48 IST" duration-ms="211290">
      <class name="Savills.Data_Driven_Testing">
        <test-method signature="write_user()[pri:3, instance:Savills.Data_Driven_Testing@27406a17]" started-at="2025-07-01T15:17:16 IST" name="write_user" finished-at="2025-07-01T15:20:47 IST" duration-ms="211248" status="PASS">
          <reporter-output>
          </reporter-output>
        </test-method> <!-- write_user -->
      </class> <!-- Savills.Data_Driven_Testing -->
    </test> <!-- Default test -->
  </suite> <!-- Default suite -->
</testng-results>
